<?xml version="1.0" encoding="UTF-8"?>
<testsuite xmlns:xsi="http://www.w3.org/2001/XMLSchema-instance" xsi:noNamespaceSchemaLocation="https://maven.apache.org/surefire/maven-surefire-plugin/xsd/surefire-test-report-3.0.xsd" version="3.0" name="parquetReader.parquetReader.AppTest" time="0.016" tests="1" errors="0" skipped="0" failures="0">
  <properties>
    <property name="java.specification.version" value="17"/>
    <property name="sun.jnu.encoding" value="UTF-8"/>
    <property name="java.class.path" value="/Users/franklinzhao/Library/CloudStorage/OneDrive-Personal/projects/java/parquetReader/target/test-classes:/Users/franklinzhao/Library/CloudStorage/OneDrive-Personal/projects/java/parquetReader/target/classes:/Users/franklinzhao/.m2/repository/junit/junit/3.8.1/junit-3.8.1.jar:/Users/franklinzhao/.m2/repository/org/apache/parquet/parquet-avro/1.13.1/parquet-avro-1.13.1.jar:/Users/franklinzhao/.m2/repository/org/apache/parquet/parquet-column/1.13.1/parquet-column-1.13.1.jar:/Users/franklinzhao/.m2/repository/org/apache/parquet/parquet-encoding/1.13.1/parquet-encoding-1.13.1.jar:/Users/franklinzhao/.m2/repository/org/apache/parquet/parquet-common/1.13.1/parquet-common-1.13.1.jar:/Users/franklinzhao/.m2/repository/org/apache/avro/avro/1.11.1/avro-1.11.1.jar:/Users/franklinzhao/.m2/repository/com/fasterxml/jackson/core/jackson-core/2.12.7/jackson-core-2.12.7.jar:/Users/franklinzhao/.m2/repository/org/slf4j/slf4j-api/1.7.22/slf4j-api-1.7.22.jar:/Users/franklinzhao/.m2/repository/org/apache/parquet/parquet-hadoop/1.13.1/parquet-hadoop-1.13.1.jar:/Users/franklinzhao/.m2/repository/org/apache/parquet/parquet-format-structures/1.13.1/parquet-format-structures-1.13.1.jar:/Users/franklinzhao/.m2/repository/org/apache/parquet/parquet-jackson/1.13.1/parquet-jackson-1.13.1.jar:/Users/franklinzhao/.m2/repository/org/xerial/snappy/snappy-java/1.1.8.3/snappy-java-1.1.8.3.jar:/Users/franklinzhao/.m2/repository/io/airlift/aircompressor/0.21/aircompressor-0.21.jar:/Users/franklinzhao/.m2/repository/commons-pool/commons-pool/1.6/commons-pool-1.6.jar:/Users/franklinzhao/.m2/repository/com/github/luben/zstd-jni/1.5.0-1/zstd-jni-1.5.0-1.jar:/Users/franklinzhao/.m2/repository/org/apache/yetus/audience-annotations/0.13.0/audience-annotations-0.13.0.jar:/Users/franklinzhao/.m2/repository/org/apache/hadoop/hadoop-common/3.1.0/hadoop-common-3.1.0.jar:/Users/franklinzhao/.m2/repository/org/apache/hadoop/hadoop-annotations/3.1.0/hadoop-annotations-3.1.0.jar:/Users/franklinzhao/.m2/repository/com/google/guava/guava/11.0.2/guava-11.0.2.jar:/Users/franklinzhao/.m2/repository/commons-cli/commons-cli/1.2/commons-cli-1.2.jar:/Users/franklinzhao/.m2/repository/org/apache/commons/commons-math3/3.1.1/commons-math3-3.1.1.jar:/Users/franklinzhao/.m2/repository/org/apache/httpcomponents/httpclient/4.5.2/httpclient-4.5.2.jar:/Users/franklinzhao/.m2/repository/org/apache/httpcomponents/httpcore/4.4.4/httpcore-4.4.4.jar:/Users/franklinzhao/.m2/repository/commons-codec/commons-codec/1.11/commons-codec-1.11.jar:/Users/franklinzhao/.m2/repository/commons-io/commons-io/2.5/commons-io-2.5.jar:/Users/franklinzhao/.m2/repository/commons-net/commons-net/3.6/commons-net-3.6.jar:/Users/franklinzhao/.m2/repository/commons-collections/commons-collections/3.2.2/commons-collections-3.2.2.jar:/Users/franklinzhao/.m2/repository/javax/servlet/javax.servlet-api/3.1.0/javax.servlet-api-3.1.0.jar:/Users/franklinzhao/.m2/repository/org/eclipse/jetty/jetty-server/9.3.19.v20170502/jetty-server-9.3.19.v20170502.jar:/Users/franklinzhao/.m2/repository/org/eclipse/jetty/jetty-http/9.3.19.v20170502/jetty-http-9.3.19.v20170502.jar:/Users/franklinzhao/.m2/repository/org/eclipse/jetty/jetty-io/9.3.19.v20170502/jetty-io-9.3.19.v20170502.jar:/Users/franklinzhao/.m2/repository/org/eclipse/jetty/jetty-util/9.3.19.v20170502/jetty-util-9.3.19.v20170502.jar:/Users/franklinzhao/.m2/repository/org/eclipse/jetty/jetty-servlet/9.3.19.v20170502/jetty-servlet-9.3.19.v20170502.jar:/Users/franklinzhao/.m2/repository/org/eclipse/jetty/jetty-security/9.3.19.v20170502/jetty-security-9.3.19.v20170502.jar:/Users/franklinzhao/.m2/repository/org/eclipse/jetty/jetty-webapp/9.3.19.v20170502/jetty-webapp-9.3.19.v20170502.jar:/Users/franklinzhao/.m2/repository/org/eclipse/jetty/jetty-xml/9.3.19.v20170502/jetty-xml-9.3.19.v20170502.jar:/Users/franklinzhao/.m2/repository/javax/servlet/jsp/jsp-api/2.1/jsp-api-2.1.jar:/Users/franklinzhao/.m2/repository/com/sun/jersey/jersey-core/1.19/jersey-core-1.19.jar:/Users/franklinzhao/.m2/repository/javax/ws/rs/jsr311-api/1.1.1/jsr311-api-1.1.1.jar:/Users/franklinzhao/.m2/repository/com/sun/jersey/jersey-servlet/1.19/jersey-servlet-1.19.jar:/Users/franklinzhao/.m2/repository/com/sun/jersey/jersey-json/1.19/jersey-json-1.19.jar:/Users/franklinzhao/.m2/repository/org/codehaus/jettison/jettison/1.1/jettison-1.1.jar:/Users/franklinzhao/.m2/repository/com/sun/xml/bind/jaxb-impl/2.2.3-1/jaxb-impl-2.2.3-1.jar:/Users/franklinzhao/.m2/repository/javax/xml/bind/jaxb-api/2.2.2/jaxb-api-2.2.2.jar:/Users/franklinzhao/.m2/repository/javax/xml/stream/stax-api/1.0-2/stax-api-1.0-2.jar:/Users/franklinzhao/.m2/repository/javax/activation/activation/1.1/activation-1.1.jar:/Users/franklinzhao/.m2/repository/org/codehaus/jackson/jackson-core-asl/1.9.2/jackson-core-asl-1.9.2.jar:/Users/franklinzhao/.m2/repository/org/codehaus/jackson/jackson-mapper-asl/1.9.2/jackson-mapper-asl-1.9.2.jar:/Users/franklinzhao/.m2/repository/org/codehaus/jackson/jackson-jaxrs/1.9.2/jackson-jaxrs-1.9.2.jar:/Users/franklinzhao/.m2/repository/org/codehaus/jackson/jackson-xc/1.9.2/jackson-xc-1.9.2.jar:/Users/franklinzhao/.m2/repository/com/sun/jersey/jersey-server/1.19/jersey-server-1.19.jar:/Users/franklinzhao/.m2/repository/commons-logging/commons-logging/1.1.3/commons-logging-1.1.3.jar:/Users/franklinzhao/.m2/repository/log4j/log4j/1.2.17/log4j-1.2.17.jar:/Users/franklinzhao/.m2/repository/commons-lang/commons-lang/2.6/commons-lang-2.6.jar:/Users/franklinzhao/.m2/repository/commons-beanutils/commons-beanutils/1.9.3/commons-beanutils-1.9.3.jar:/Users/franklinzhao/.m2/repository/org/apache/commons/commons-configuration2/2.1.1/commons-configuration2-2.1.1.jar:/Users/franklinzhao/.m2/repository/org/apache/commons/commons-lang3/3.4/commons-lang3-3.4.jar:/Users/franklinzhao/.m2/repository/org/slf4j/slf4j-log4j12/1.7.25/slf4j-log4j12-1.7.25.jar:/Users/franklinzhao/.m2/repository/com/google/re2j/re2j/1.1/re2j-1.1.jar:/Users/franklinzhao/.m2/repository/com/google/protobuf/protobuf-java/2.5.0/protobuf-java-2.5.0.jar:/Users/franklinzhao/.m2/repository/com/google/code/gson/gson/2.2.4/gson-2.2.4.jar:/Users/franklinzhao/.m2/repository/org/apache/hadoop/hadoop-auth/3.1.0/hadoop-auth-3.1.0.jar:/Users/franklinzhao/.m2/repository/com/nimbusds/nimbus-jose-jwt/4.41.1/nimbus-jose-jwt-4.41.1.jar:/Users/franklinzhao/.m2/repository/com/github/stephenc/jcip/jcip-annotations/1.0-1/jcip-annotations-1.0-1.jar:/Users/franklinzhao/.m2/repository/net/minidev/json-smart/2.3/json-smart-2.3.jar:/Users/franklinzhao/.m2/repository/net/minidev/accessors-smart/1.2/accessors-smart-1.2.jar:/Users/franklinzhao/.m2/repository/org/ow2/asm/asm/5.0.4/asm-5.0.4.jar:/Users/franklinzhao/.m2/repository/org/apache/curator/curator-framework/2.12.0/curator-framework-2.12.0.jar:/Users/franklinzhao/.m2/repository/com/jcraft/jsch/0.1.54/jsch-0.1.54.jar:/Users/franklinzhao/.m2/repository/org/apache/curator/curator-client/2.12.0/curator-client-2.12.0.jar:/Users/franklinzhao/.m2/repository/org/apache/curator/curator-recipes/2.12.0/curator-recipes-2.12.0.jar:/Users/franklinzhao/.m2/repository/com/google/code/findbugs/jsr305/3.0.0/jsr305-3.0.0.jar:/Users/franklinzhao/.m2/repository/org/apache/htrace/htrace-core4/4.1.0-incubating/htrace-core4-4.1.0-incubating.jar:/Users/franklinzhao/.m2/repository/org/apache/zookeeper/zookeeper/3.4.9/zookeeper-3.4.9.jar:/Users/franklinzhao/.m2/repository/jline/jline/0.9.94/jline-0.9.94.jar:/Users/franklinzhao/.m2/repository/io/netty/netty/3.10.5.Final/netty-3.10.5.Final.jar:/Users/franklinzhao/.m2/repository/org/apache/commons/commons-compress/1.4.1/commons-compress-1.4.1.jar:/Users/franklinzhao/.m2/repository/org/tukaani/xz/1.0/xz-1.0.jar:/Users/franklinzhao/.m2/repository/org/apache/kerby/kerb-simplekdc/1.0.1/kerb-simplekdc-1.0.1.jar:/Users/franklinzhao/.m2/repository/org/apache/kerby/kerb-client/1.0.1/kerb-client-1.0.1.jar:/Users/franklinzhao/.m2/repository/org/apache/kerby/kerby-config/1.0.1/kerby-config-1.0.1.jar:/Users/franklinzhao/.m2/repository/org/apache/kerby/kerb-core/1.0.1/kerb-core-1.0.1.jar:/Users/franklinzhao/.m2/repository/org/apache/kerby/kerby-pkix/1.0.1/kerby-pkix-1.0.1.jar:/Users/franklinzhao/.m2/repository/org/apache/kerby/kerby-asn1/1.0.1/kerby-asn1-1.0.1.jar:/Users/franklinzhao/.m2/repository/org/apache/kerby/kerby-util/1.0.1/kerby-util-1.0.1.jar:/Users/franklinzhao/.m2/repository/org/apache/kerby/kerb-common/1.0.1/kerb-common-1.0.1.jar:/Users/franklinzhao/.m2/repository/org/apache/kerby/kerb-crypto/1.0.1/kerb-crypto-1.0.1.jar:/Users/franklinzhao/.m2/repository/org/apache/kerby/kerb-util/1.0.1/kerb-util-1.0.1.jar:/Users/franklinzhao/.m2/repository/org/apache/kerby/token-provider/1.0.1/token-provider-1.0.1.jar:/Users/franklinzhao/.m2/repository/org/apache/kerby/kerb-admin/1.0.1/kerb-admin-1.0.1.jar:/Users/franklinzhao/.m2/repository/org/apache/kerby/kerb-server/1.0.1/kerb-server-1.0.1.jar:/Users/franklinzhao/.m2/repository/org/apache/kerby/kerb-identity/1.0.1/kerb-identity-1.0.1.jar:/Users/franklinzhao/.m2/repository/org/apache/kerby/kerby-xdr/1.0.1/kerby-xdr-1.0.1.jar:/Users/franklinzhao/.m2/repository/com/fasterxml/jackson/core/jackson-databind/2.7.8/jackson-databind-2.7.8.jar:/Users/franklinzhao/.m2/repository/com/fasterxml/jackson/core/jackson-annotations/2.7.0/jackson-annotations-2.7.0.jar:/Users/franklinzhao/.m2/repository/org/codehaus/woodstox/stax2-api/3.1.4/stax2-api-3.1.4.jar:/Users/franklinzhao/.m2/repository/com/fasterxml/woodstox/woodstox-core/5.0.3/woodstox-core-5.0.3.jar:"/>
    <property name="java.vm.vendor" value="Eclipse Adoptium"/>
    <property name="sun.arch.data.model" value="64"/>
    <property name="java.vendor.url" value="https://adoptium.net/"/>
    <property name="os.name" value="Mac OS X"/>
    <property name="java.vm.specification.version" value="17"/>
    <property name="sun.java.launcher" value="SUN_STANDARD"/>
    <property name="user.country" value="CA"/>
    <property name="sun.boot.library.path" value="/Library/Java/JavaVirtualMachines/temurin-17.jdk/Contents/Home/lib"/>
    <property name="sun.java.command" value="/Users/franklinzhao/Library/CloudStorage/OneDrive-Personal/projects/java/parquetReader/target/surefire/surefirebooter-20240420181006283_3.jar /Users/franklinzhao/Library/CloudStorage/OneDrive-Personal/projects/java/parquetReader/target/surefire 2024-04-20T18-10-06_195-jvmRun1 surefire-20240420181006283_1tmp surefire_0-20240420181006283_2tmp"/>
    <property name="http.nonProxyHosts" value="local|*.local|169.254/16|*.169.254/16"/>
    <property name="jdk.debug" value="release"/>
    <property name="surefire.test.class.path" value="/Users/franklinzhao/Library/CloudStorage/OneDrive-Personal/projects/java/parquetReader/target/test-classes:/Users/franklinzhao/Library/CloudStorage/OneDrive-Personal/projects/java/parquetReader/target/classes:/Users/franklinzhao/.m2/repository/junit/junit/3.8.1/junit-3.8.1.jar:/Users/franklinzhao/.m2/repository/org/apache/parquet/parquet-avro/1.13.1/parquet-avro-1.13.1.jar:/Users/franklinzhao/.m2/repository/org/apache/parquet/parquet-column/1.13.1/parquet-column-1.13.1.jar:/Users/franklinzhao/.m2/repository/org/apache/parquet/parquet-encoding/1.13.1/parquet-encoding-1.13.1.jar:/Users/franklinzhao/.m2/repository/org/apache/parquet/parquet-common/1.13.1/parquet-common-1.13.1.jar:/Users/franklinzhao/.m2/repository/org/apache/avro/avro/1.11.1/avro-1.11.1.jar:/Users/franklinzhao/.m2/repository/com/fasterxml/jackson/core/jackson-core/2.12.7/jackson-core-2.12.7.jar:/Users/franklinzhao/.m2/repository/org/slf4j/slf4j-api/1.7.22/slf4j-api-1.7.22.jar:/Users/franklinzhao/.m2/repository/org/apache/parquet/parquet-hadoop/1.13.1/parquet-hadoop-1.13.1.jar:/Users/franklinzhao/.m2/repository/org/apache/parquet/parquet-format-structures/1.13.1/parquet-format-structures-1.13.1.jar:/Users/franklinzhao/.m2/repository/org/apache/parquet/parquet-jackson/1.13.1/parquet-jackson-1.13.1.jar:/Users/franklinzhao/.m2/repository/org/xerial/snappy/snappy-java/1.1.8.3/snappy-java-1.1.8.3.jar:/Users/franklinzhao/.m2/repository/io/airlift/aircompressor/0.21/aircompressor-0.21.jar:/Users/franklinzhao/.m2/repository/commons-pool/commons-pool/1.6/commons-pool-1.6.jar:/Users/franklinzhao/.m2/repository/com/github/luben/zstd-jni/1.5.0-1/zstd-jni-1.5.0-1.jar:/Users/franklinzhao/.m2/repository/org/apache/yetus/audience-annotations/0.13.0/audience-annotations-0.13.0.jar:/Users/franklinzhao/.m2/repository/org/apache/hadoop/hadoop-common/3.1.0/hadoop-common-3.1.0.jar:/Users/franklinzhao/.m2/repository/org/apache/hadoop/hadoop-annotations/3.1.0/hadoop-annotations-3.1.0.jar:/Users/franklinzhao/.m2/repository/com/google/guava/guava/11.0.2/guava-11.0.2.jar:/Users/franklinzhao/.m2/repository/commons-cli/commons-cli/1.2/commons-cli-1.2.jar:/Users/franklinzhao/.m2/repository/org/apache/commons/commons-math3/3.1.1/commons-math3-3.1.1.jar:/Users/franklinzhao/.m2/repository/org/apache/httpcomponents/httpclient/4.5.2/httpclient-4.5.2.jar:/Users/franklinzhao/.m2/repository/org/apache/httpcomponents/httpcore/4.4.4/httpcore-4.4.4.jar:/Users/franklinzhao/.m2/repository/commons-codec/commons-codec/1.11/commons-codec-1.11.jar:/Users/franklinzhao/.m2/repository/commons-io/commons-io/2.5/commons-io-2.5.jar:/Users/franklinzhao/.m2/repository/commons-net/commons-net/3.6/commons-net-3.6.jar:/Users/franklinzhao/.m2/repository/commons-collections/commons-collections/3.2.2/commons-collections-3.2.2.jar:/Users/franklinzhao/.m2/repository/javax/servlet/javax.servlet-api/3.1.0/javax.servlet-api-3.1.0.jar:/Users/franklinzhao/.m2/repository/org/eclipse/jetty/jetty-server/9.3.19.v20170502/jetty-server-9.3.19.v20170502.jar:/Users/franklinzhao/.m2/repository/org/eclipse/jetty/jetty-http/9.3.19.v20170502/jetty-http-9.3.19.v20170502.jar:/Users/franklinzhao/.m2/repository/org/eclipse/jetty/jetty-io/9.3.19.v20170502/jetty-io-9.3.19.v20170502.jar:/Users/franklinzhao/.m2/repository/org/eclipse/jetty/jetty-util/9.3.19.v20170502/jetty-util-9.3.19.v20170502.jar:/Users/franklinzhao/.m2/repository/org/eclipse/jetty/jetty-servlet/9.3.19.v20170502/jetty-servlet-9.3.19.v20170502.jar:/Users/franklinzhao/.m2/repository/org/eclipse/jetty/jetty-security/9.3.19.v20170502/jetty-security-9.3.19.v20170502.jar:/Users/franklinzhao/.m2/repository/org/eclipse/jetty/jetty-webapp/9.3.19.v20170502/jetty-webapp-9.3.19.v20170502.jar:/Users/franklinzhao/.m2/repository/org/eclipse/jetty/jetty-xml/9.3.19.v20170502/jetty-xml-9.3.19.v20170502.jar:/Users/franklinzhao/.m2/repository/javax/servlet/jsp/jsp-api/2.1/jsp-api-2.1.jar:/Users/franklinzhao/.m2/repository/com/sun/jersey/jersey-core/1.19/jersey-core-1.19.jar:/Users/franklinzhao/.m2/repository/javax/ws/rs/jsr311-api/1.1.1/jsr311-api-1.1.1.jar:/Users/franklinzhao/.m2/repository/com/sun/jersey/jersey-servlet/1.19/jersey-servlet-1.19.jar:/Users/franklinzhao/.m2/repository/com/sun/jersey/jersey-json/1.19/jersey-json-1.19.jar:/Users/franklinzhao/.m2/repository/org/codehaus/jettison/jettison/1.1/jettison-1.1.jar:/Users/franklinzhao/.m2/repository/com/sun/xml/bind/jaxb-impl/2.2.3-1/jaxb-impl-2.2.3-1.jar:/Users/franklinzhao/.m2/repository/javax/xml/bind/jaxb-api/2.2.2/jaxb-api-2.2.2.jar:/Users/franklinzhao/.m2/repository/javax/xml/stream/stax-api/1.0-2/stax-api-1.0-2.jar:/Users/franklinzhao/.m2/repository/javax/activation/activation/1.1/activation-1.1.jar:/Users/franklinzhao/.m2/repository/org/codehaus/jackson/jackson-core-asl/1.9.2/jackson-core-asl-1.9.2.jar:/Users/franklinzhao/.m2/repository/org/codehaus/jackson/jackson-mapper-asl/1.9.2/jackson-mapper-asl-1.9.2.jar:/Users/franklinzhao/.m2/repository/org/codehaus/jackson/jackson-jaxrs/1.9.2/jackson-jaxrs-1.9.2.jar:/Users/franklinzhao/.m2/repository/org/codehaus/jackson/jackson-xc/1.9.2/jackson-xc-1.9.2.jar:/Users/franklinzhao/.m2/repository/com/sun/jersey/jersey-server/1.19/jersey-server-1.19.jar:/Users/franklinzhao/.m2/repository/commons-logging/commons-logging/1.1.3/commons-logging-1.1.3.jar:/Users/franklinzhao/.m2/repository/log4j/log4j/1.2.17/log4j-1.2.17.jar:/Users/franklinzhao/.m2/repository/commons-lang/commons-lang/2.6/commons-lang-2.6.jar:/Users/franklinzhao/.m2/repository/commons-beanutils/commons-beanutils/1.9.3/commons-beanutils-1.9.3.jar:/Users/franklinzhao/.m2/repository/org/apache/commons/commons-configuration2/2.1.1/commons-configuration2-2.1.1.jar:/Users/franklinzhao/.m2/repository/org/apache/commons/commons-lang3/3.4/commons-lang3-3.4.jar:/Users/franklinzhao/.m2/repository/org/slf4j/slf4j-log4j12/1.7.25/slf4j-log4j12-1.7.25.jar:/Users/franklinzhao/.m2/repository/com/google/re2j/re2j/1.1/re2j-1.1.jar:/Users/franklinzhao/.m2/repository/com/google/protobuf/protobuf-java/2.5.0/protobuf-java-2.5.0.jar:/Users/franklinzhao/.m2/repository/com/google/code/gson/gson/2.2.4/gson-2.2.4.jar:/Users/franklinzhao/.m2/repository/org/apache/hadoop/hadoop-auth/3.1.0/hadoop-auth-3.1.0.jar:/Users/franklinzhao/.m2/repository/com/nimbusds/nimbus-jose-jwt/4.41.1/nimbus-jose-jwt-4.41.1.jar:/Users/franklinzhao/.m2/repository/com/github/stephenc/jcip/jcip-annotations/1.0-1/jcip-annotations-1.0-1.jar:/Users/franklinzhao/.m2/repository/net/minidev/json-smart/2.3/json-smart-2.3.jar:/Users/franklinzhao/.m2/repository/net/minidev/accessors-smart/1.2/accessors-smart-1.2.jar:/Users/franklinzhao/.m2/repository/org/ow2/asm/asm/5.0.4/asm-5.0.4.jar:/Users/franklinzhao/.m2/repository/org/apache/curator/curator-framework/2.12.0/curator-framework-2.12.0.jar:/Users/franklinzhao/.m2/repository/com/jcraft/jsch/0.1.54/jsch-0.1.54.jar:/Users/franklinzhao/.m2/repository/org/apache/curator/curator-client/2.12.0/curator-client-2.12.0.jar:/Users/franklinzhao/.m2/repository/org/apache/curator/curator-recipes/2.12.0/curator-recipes-2.12.0.jar:/Users/franklinzhao/.m2/repository/com/google/code/findbugs/jsr305/3.0.0/jsr305-3.0.0.jar:/Users/franklinzhao/.m2/repository/org/apache/htrace/htrace-core4/4.1.0-incubating/htrace-core4-4.1.0-incubating.jar:/Users/franklinzhao/.m2/repository/org/apache/zookeeper/zookeeper/3.4.9/zookeeper-3.4.9.jar:/Users/franklinzhao/.m2/repository/jline/jline/0.9.94/jline-0.9.94.jar:/Users/franklinzhao/.m2/repository/io/netty/netty/3.10.5.Final/netty-3.10.5.Final.jar:/Users/franklinzhao/.m2/repository/org/apache/commons/commons-compress/1.4.1/commons-compress-1.4.1.jar:/Users/franklinzhao/.m2/repository/org/tukaani/xz/1.0/xz-1.0.jar:/Users/franklinzhao/.m2/repository/org/apache/kerby/kerb-simplekdc/1.0.1/kerb-simplekdc-1.0.1.jar:/Users/franklinzhao/.m2/repository/org/apache/kerby/kerb-client/1.0.1/kerb-client-1.0.1.jar:/Users/franklinzhao/.m2/repository/org/apache/kerby/kerby-config/1.0.1/kerby-config-1.0.1.jar:/Users/franklinzhao/.m2/repository/org/apache/kerby/kerb-core/1.0.1/kerb-core-1.0.1.jar:/Users/franklinzhao/.m2/repository/org/apache/kerby/kerby-pkix/1.0.1/kerby-pkix-1.0.1.jar:/Users/franklinzhao/.m2/repository/org/apache/kerby/kerby-asn1/1.0.1/kerby-asn1-1.0.1.jar:/Users/franklinzhao/.m2/repository/org/apache/kerby/kerby-util/1.0.1/kerby-util-1.0.1.jar:/Users/franklinzhao/.m2/repository/org/apache/kerby/kerb-common/1.0.1/kerb-common-1.0.1.jar:/Users/franklinzhao/.m2/repository/org/apache/kerby/kerb-crypto/1.0.1/kerb-crypto-1.0.1.jar:/Users/franklinzhao/.m2/repository/org/apache/kerby/kerb-util/1.0.1/kerb-util-1.0.1.jar:/Users/franklinzhao/.m2/repository/org/apache/kerby/token-provider/1.0.1/token-provider-1.0.1.jar:/Users/franklinzhao/.m2/repository/org/apache/kerby/kerb-admin/1.0.1/kerb-admin-1.0.1.jar:/Users/franklinzhao/.m2/repository/org/apache/kerby/kerb-server/1.0.1/kerb-server-1.0.1.jar:/Users/franklinzhao/.m2/repository/org/apache/kerby/kerb-identity/1.0.1/kerb-identity-1.0.1.jar:/Users/franklinzhao/.m2/repository/org/apache/kerby/kerby-xdr/1.0.1/kerby-xdr-1.0.1.jar:/Users/franklinzhao/.m2/repository/com/fasterxml/jackson/core/jackson-databind/2.7.8/jackson-databind-2.7.8.jar:/Users/franklinzhao/.m2/repository/com/fasterxml/jackson/core/jackson-annotations/2.7.0/jackson-annotations-2.7.0.jar:/Users/franklinzhao/.m2/repository/org/codehaus/woodstox/stax2-api/3.1.4/stax2-api-3.1.4.jar:/Users/franklinzhao/.m2/repository/com/fasterxml/woodstox/woodstox-core/5.0.3/woodstox-core-5.0.3.jar:"/>
    <property name="sun.cpu.endian" value="little"/>
    <property name="user.home" value="/Users/franklinzhao"/>
    <property name="user.language" value="en"/>
    <property name="java.specification.vendor" value="Oracle Corporation"/>
    <property name="java.version.date" value="2023-04-18"/>
    <property name="java.home" value="/Library/Java/JavaVirtualMachines/temurin-17.jdk/Contents/Home"/>
    <property name="file.separator" value="/"/>
    <property name="basedir" value="/Users/franklinzhao/Library/CloudStorage/OneDrive-Personal/projects/java/parquetReader"/>
    <property name="java.vm.compressedOopsMode" value="Zero based"/>
    <property name="line.separator" value="&#10;"/>
    <property name="java.specification.name" value="Java Platform API Specification"/>
    <property name="java.vm.specification.vendor" value="Oracle Corporation"/>
    <property name="surefire.real.class.path" value="/Users/franklinzhao/Library/CloudStorage/OneDrive-Personal/projects/java/parquetReader/target/surefire/surefirebooter-20240420181006283_3.jar"/>
    <property name="sun.management.compiler" value="HotSpot 64-Bit Tiered Compilers"/>
    <property name="ftp.nonProxyHosts" value="local|*.local|169.254/16|*.169.254/16"/>
    <property name="java.runtime.version" value="17.0.7+7"/>
    <property name="user.name" value="franklinzhao"/>
    <property name="path.separator" value=":"/>
    <property name="os.version" value="13.6.6"/>
    <property name="java.runtime.name" value="OpenJDK Runtime Environment"/>
    <property name="file.encoding" value="UTF-8"/>
    <property name="java.vm.name" value="OpenJDK 64-Bit Server VM"/>
    <property name="java.vendor.version" value="Temurin-17.0.7+7"/>
    <property name="localRepository" value="/Users/franklinzhao/.m2/repository"/>
    <property name="java.vendor.url.bug" value="https://github.com/adoptium/adoptium-support/issues"/>
    <property name="java.io.tmpdir" value="/var/folders/_t/4k0t6hsj24bfwbsgd8s8htlm0000gn/T/"/>
    <property name="java.version" value="17.0.7"/>
    <property name="user.dir" value="/Users/franklinzhao/Library/CloudStorage/OneDrive-Personal/projects/java/parquetReader"/>
    <property name="os.arch" value="x86_64"/>
    <property name="java.vm.specification.name" value="Java Virtual Machine Specification"/>
    <property name="native.encoding" value="UTF-8"/>
    <property name="java.library.path" value="/Users/franklinzhao/Library/Java/Extensions:/Library/Java/Extensions:/Network/Library/Java/Extensions:/System/Library/Java/Extensions:/usr/lib/java:."/>
    <property name="java.vm.info" value="mixed mode, sharing"/>
    <property name="java.vendor" value="Eclipse Adoptium"/>
    <property name="java.vm.version" value="17.0.7+7"/>
    <property name="sun.io.unicode.encoding" value="UnicodeBig"/>
    <property name="socksNonProxyHosts" value="local|*.local|169.254/16|*.169.254/16"/>
    <property name="java.class.version" value="61.0"/>
  </properties>
  <testcase name="testApp" classname="parquetReader.parquetReader.AppTest" time="0.001"/>
</testsuite>